[0.046s] Invoking command in '/home/s/Inertial_Sense/imx/SDK/ros2/build/inertial_sense_ros2': CMAKE_PREFIX_PATH=${CMAKE_PREFIX_PATH}:/opt/ros/jazzy DEBUGINFOD_URLS=https://debuginfod.ubuntu.com /usr/bin/cmake --build /home/s/Inertial_Sense/imx/SDK/ros2/build/inertial_sense_ros2 -- -j6 -l6
[0.291s] [  1%] Built target inertial_sense_ros2__rosidl_generator_type_description
[0.344s] [  1%] Built target ament_cmake_python_copy_inertial_sense_ros2
[0.353s] [  2%] [32m[1mLinking CXX executable new_target[0m
[0.393s] [  2%] Built target inertial_sense_ros2__cpp
[0.427s] [ 28%] Built target inertial_sense_ros2__rosidl_generator_c
[0.568s] [ 38%] Built target inertial_sense_ros2__rosidl_typesupport_cpp
[0.572s] [ 47%] Built target inertial_sense_ros2__rosidl_typesupport_introspection_c
[0.593s] [ 66%] Built target inertial_sense_ros2__rosidl_typesupport_fastrtps_cpp
[0.593s] [ 66%] Built target inertial_sense_ros2__rosidl_typesupport_fastrtps_c
[0.694s] [ 75%] Built target inertial_sense_ros2__rosidl_typesupport_c
[0.703s] [ 85%] Built target inertial_sense_ros2__rosidl_typesupport_introspection_cpp
[0.798s] [ 85%] Built target inertial_sense_ros2
[0.818s] /usr/bin/ld: cannot find -linertial-sense-sdk: No such file or directory
[0.891s] [ 86%] Built target inertial_sense_ros2__py
[0.969s] collect2: error: ld returned 1 exit status
[0.973s] gmake[2]: *** [CMakeFiles/new_target.dir/build.make:251: new_target] Error 1
[0.974s] gmake[1]: *** [CMakeFiles/Makefile2:623: CMakeFiles/new_target.dir/all] Error 2
[0.974s] gmake[1]: *** Waiting for unfinished jobs....
[1.009s] [ 95%] Built target inertial_sense_ros2__rosidl_generator_py
[1.144s] running egg_info
[1.220s] writing inertial_sense_ros2.egg-info/PKG-INFO
[1.222s] writing dependency_links to inertial_sense_ros2.egg-info/dependency_links.txt
[1.224s] writing top-level names to inertial_sense_ros2.egg-info/top_level.txt
[1.434s] reading manifest file 'inertial_sense_ros2.egg-info/SOURCES.txt'
[1.437s] writing manifest file 'inertial_sense_ros2.egg-info/SOURCES.txt'
[1.522s] [ 95%] Built target ament_cmake_python_build_inertial_sense_ros2_egg
[1.527s] gmake: *** [Makefile:146: all] Error 2
[1.534s] Invoked command in '/home/s/Inertial_Sense/imx/SDK/ros2/build/inertial_sense_ros2' returned '2': CMAKE_PREFIX_PATH=${CMAKE_PREFIX_PATH}:/opt/ros/jazzy DEBUGINFOD_URLS=https://debuginfod.ubuntu.com /usr/bin/cmake --build /home/s/Inertial_Sense/imx/SDK/ros2/build/inertial_sense_ros2 -- -j6 -l6
