[0.044s] Invoking command in '/home/s/Inertial_Sense/imx/SDK/ros2/build/inertial_sense_ros2': CMAKE_PREFIX_PATH=${CMAKE_PREFIX_PATH}:/opt/ros/jazzy DEBUGINFOD_URLS=https://debuginfod.ubuntu.com /usr/bin/cmake --build /home/s/Inertial_Sense/imx/SDK/ros2/build/inertial_sense_ros2 -- -j6 -l6
[0.179s] -- Found std_msgs: 5.3.5 (/opt/ros/jazzy/share/std_msgs/cmake)
[0.267s] -- Found Python3: /usr/bin/python3 (found version "3.12.3") found components: Interpreter 
[0.593s] -- Found rosidl_generator_c: 4.6.3 (/opt/ros/jazzy/share/rosidl_generator_c/cmake)
[0.632s] -- Found rosidl_generator_cpp: 4.6.3 (/opt/ros/jazzy/share/rosidl_generator_cpp/cmake)
[0.678s] -- Using all available rosidl_typesupport_c: rosidl_typesupport_fastrtps_c;rosidl_typesupport_introspection_c
[0.729s] -- Using all available rosidl_typesupport_cpp: rosidl_typesupport_fastrtps_cpp;rosidl_typesupport_introspection_cpp
[0.847s] -- Found std_srvs: 5.3.5 (/opt/ros/jazzy/share/std_srvs/cmake)
[0.977s] -- Found geometry_msgs: 5.3.5 (/opt/ros/jazzy/share/geometry_msgs/cmake)
[1.038s] -- Found rclcpp: 28.1.3 (/opt/ros/jazzy/share/rclcpp/cmake)
[1.184s] -- Found rmw_implementation_cmake: 7.3.1 (/opt/ros/jazzy/share/rmw_implementation_cmake/cmake)
[1.188s] -- Found rmw_fastrtps_cpp: 8.4.1 (/opt/ros/jazzy/share/rmw_fastrtps_cpp/cmake)
[1.407s] -- Using RMW implementation 'rmw_fastrtps_cpp' as default
[1.634s] -- Found rclpy: 7.1.1 (/opt/ros/jazzy/share/rclpy/cmake)
[1.635s] -- Found sensor_msgs: 5.3.5 (/opt/ros/jazzy/share/sensor_msgs/cmake)
[1.725s] -- Found nav_msgs: 5.3.5 (/opt/ros/jazzy/share/nav_msgs/cmake)
[1.822s] -- Found diagnostic_msgs: 5.3.5 (/opt/ros/jazzy/share/diagnostic_msgs/cmake)
[1.911s] -- Found rosidl_default_generators: 1.6.0 (/opt/ros/jazzy/share/rosidl_default_generators/cmake)
[1.943s] -- Found rosidl_adapter: 4.6.3 (/opt/ros/jazzy/share/rosidl_adapter/cmake)
[1.949s] -- Found tf2: 0.36.4 (/opt/ros/jazzy/share/tf2/cmake)
[3.250s] -- Found ament_cmake_ros: 0.12.0 (/opt/ros/jazzy/share/ament_cmake_ros/cmake)
[4.474s] -- Using all available rosidl_typesupport_c: rosidl_typesupport_fastrtps_c;rosidl_typesupport_introspection_c
[4.928s] -- Using all available rosidl_typesupport_cpp: rosidl_typesupport_fastrtps_cpp;rosidl_typesupport_introspection_cpp
[4.933s] -- Found python_cmake_module: 0.11.1 (/opt/ros/jazzy/share/python_cmake_module/cmake)
[5.786s] -- Found Python3: /usr/bin/python3 (found version "3.12.3") found components: Interpreter Development NumPy Development.Module Development.Embed 
[5.965s] -- Configuring done (5.8s)
[6.312s] -- Generating done (0.3s)
[6.342s] -- Build files have been written to: /home/s/Inertial_Sense/imx/SDK/ros2/build/inertial_sense_ros2
[6.538s] [  1%] Built target inertial_sense_ros2__rosidl_generator_type_description
[6.623s] [  1%] Built target ament_cmake_python_copy_inertial_sense_ros2
[6.694s] [  1%] Built target inertial_sense_ros2__cpp
[6.726s] [  2%] [32m[1mLinking CXX executable new_target[0m
[6.789s] [ 28%] Built target inertial_sense_ros2__rosidl_generator_c
[7.149s] [ 37%] Built target inertial_sense_ros2__rosidl_typesupport_introspection_c
[7.158s] [ 47%] Built target inertial_sense_ros2__rosidl_typesupport_cpp
[7.240s] [ 57%] Built target inertial_sense_ros2__rosidl_typesupport_fastrtps_cpp
[7.289s] [ 66%] Built target inertial_sense_ros2__rosidl_typesupport_fastrtps_c
[7.363s] [ 75%] Built target inertial_sense_ros2__rosidl_typesupport_c
[7.498s] [ 85%] Built target inertial_sense_ros2__rosidl_typesupport_introspection_cpp
[7.635s] [ 85%] Built target inertial_sense_ros2
[7.727s] /usr/bin/ld: cannot find -linertial-sense-sdk: No such file or directory
[7.771s] [ 86%] Built target inertial_sense_ros2__py
[7.927s] collect2: error: ld returned 1 exit status
[7.931s] gmake[2]: *** [CMakeFiles/new_target.dir/build.make:251: new_target] Error 1
[7.932s] gmake[1]: *** [CMakeFiles/Makefile2:623: CMakeFiles/new_target.dir/all] Error 2
[7.932s] gmake[1]: *** Waiting for unfinished jobs....
[7.976s] running egg_info
[8.003s] [ 95%] Built target inertial_sense_ros2__rosidl_generator_py
[8.113s] writing inertial_sense_ros2.egg-info/PKG-INFO
[8.114s] writing dependency_links to inertial_sense_ros2.egg-info/dependency_links.txt
[8.115s] writing top-level names to inertial_sense_ros2.egg-info/top_level.txt
[8.444s] reading manifest file 'inertial_sense_ros2.egg-info/SOURCES.txt'
[8.448s] writing manifest file 'inertial_sense_ros2.egg-info/SOURCES.txt'
[8.567s] [ 95%] Built target ament_cmake_python_build_inertial_sense_ros2_egg
[8.575s] gmake: *** [Makefile:146: all] Error 2
[8.588s] Invoked command in '/home/s/Inertial_Sense/imx/SDK/ros2/build/inertial_sense_ros2' returned '2': CMAKE_PREFIX_PATH=${CMAKE_PREFIX_PATH}:/opt/ros/jazzy DEBUGINFOD_URLS=https://debuginfod.ubuntu.com /usr/bin/cmake --build /home/s/Inertial_Sense/imx/SDK/ros2/build/inertial_sense_ros2 -- -j6 -l6
