[0.049s] Invoking command in '/home/s/Inertial_Sense/imx/SDK/ros2/build/inertial_sense_ros2': CMAKE_PREFIX_PATH=${CMAKE_PREFIX_PATH}:/opt/ros/jazzy DEBUGINFOD_URLS=https://debuginfod.ubuntu.com /usr/bin/cmake --build /home/s/Inertial_Sense/imx/SDK/ros2/build/inertial_sense_ros2 -- -j6 -l6
[0.178s] -- Found std_msgs: 5.3.5 (/opt/ros/jazzy/share/std_msgs/cmake)
[0.264s] -- Found Python3: /usr/bin/python3 (found version "3.12.3") found components: Interpreter 
[0.613s] -- Found rosidl_generator_c: 4.6.3 (/opt/ros/jazzy/share/rosidl_generator_c/cmake)
[0.650s] -- Found rosidl_generator_cpp: 4.6.3 (/opt/ros/jazzy/share/rosidl_generator_cpp/cmake)
[0.697s] -- Using all available rosidl_typesupport_c: rosidl_typesupport_fastrtps_c;rosidl_typesupport_introspection_c
[0.753s] -- Using all available rosidl_typesupport_cpp: rosidl_typesupport_fastrtps_cpp;rosidl_typesupport_introspection_cpp
[0.853s] -- Found std_srvs: 5.3.5 (/opt/ros/jazzy/share/std_srvs/cmake)
[0.983s] -- Found geometry_msgs: 5.3.5 (/opt/ros/jazzy/share/geometry_msgs/cmake)
[1.041s] -- Found rclcpp: 28.1.3 (/opt/ros/jazzy/share/rclcpp/cmake)
[1.181s] -- Found rmw_implementation_cmake: 7.3.1 (/opt/ros/jazzy/share/rmw_implementation_cmake/cmake)
[1.185s] -- Found rmw_fastrtps_cpp: 8.4.1 (/opt/ros/jazzy/share/rmw_fastrtps_cpp/cmake)
[1.411s] -- Using RMW implementation 'rmw_fastrtps_cpp' as default
[1.668s] -- Found rclpy: 7.1.1 (/opt/ros/jazzy/share/rclpy/cmake)
[1.669s] -- Found sensor_msgs: 5.3.5 (/opt/ros/jazzy/share/sensor_msgs/cmake)
[1.772s] -- Found nav_msgs: 5.3.5 (/opt/ros/jazzy/share/nav_msgs/cmake)
[1.884s] -- Found diagnostic_msgs: 5.3.5 (/opt/ros/jazzy/share/diagnostic_msgs/cmake)
[1.981s] -- Found rosidl_default_generators: 1.6.0 (/opt/ros/jazzy/share/rosidl_default_generators/cmake)
[2.017s] -- Found rosidl_adapter: 4.6.3 (/opt/ros/jazzy/share/rosidl_adapter/cmake)
[2.024s] -- Found tf2: 0.36.4 (/opt/ros/jazzy/share/tf2/cmake)
[3.314s] -- Found ament_cmake_ros: 0.12.0 (/opt/ros/jazzy/share/ament_cmake_ros/cmake)
[4.489s] -- Using all available rosidl_typesupport_c: rosidl_typesupport_fastrtps_c;rosidl_typesupport_introspection_c
[4.939s] -- Using all available rosidl_typesupport_cpp: rosidl_typesupport_fastrtps_cpp;rosidl_typesupport_introspection_cpp
[4.945s] -- Found python_cmake_module: 0.11.1 (/opt/ros/jazzy/share/python_cmake_module/cmake)
[5.821s] -- Found Python3: /usr/bin/python3 (found version "3.12.3") found components: Interpreter Development NumPy Development.Module Development.Embed 
[6.019s] -- Configuring done (5.9s)
[6.374s] -- Generating done (0.3s)
[6.408s] -- Build files have been written to: /home/s/Inertial_Sense/imx/SDK/ros2/build/inertial_sense_ros2
[6.575s] [  1%] Built target inertial_sense_ros2__rosidl_generator_type_description
[6.628s] [  1%] Built target ament_cmake_python_copy_inertial_sense_ros2
[6.688s] [  1%] Built target inertial_sense_ros2__cpp
[6.704s] [  2%] [32m[1mLinking CXX executable new_target[0m
[6.781s] [ 28%] Built target inertial_sense_ros2__rosidl_generator_c
[6.942s] [ 37%] Built target inertial_sense_ros2__rosidl_typesupport_introspection_c
[7.012s] [ 47%] Built target inertial_sense_ros2__rosidl_typesupport_cpp
[7.018s] [ 57%] Built target inertial_sense_ros2__rosidl_typesupport_fastrtps_cpp
[7.020s] [ 66%] Built target inertial_sense_ros2__rosidl_typesupport_fastrtps_c
[7.081s] [ 75%] Built target inertial_sense_ros2__rosidl_typesupport_c
[7.172s] /usr/bin/ld: cannot find -l../../inertial-sense-sdk: No such file or directory
[7.202s] [ 85%] Built target inertial_sense_ros2__rosidl_typesupport_introspection_cpp
[7.302s] [ 85%] Built target inertial_sense_ros2
[7.340s] collect2: error: ld returned 1 exit status
[7.345s] gmake[2]: *** [CMakeFiles/new_target.dir/build.make:251: new_target] Error 1
[7.346s] gmake[1]: *** [CMakeFiles/Makefile2:623: CMakeFiles/new_target.dir/all] Error 2
[7.346s] gmake[1]: *** Waiting for unfinished jobs....
[7.405s] [ 86%] Built target inertial_sense_ros2__py
[7.417s] running egg_info
[7.494s] writing inertial_sense_ros2.egg-info/PKG-INFO
[7.496s] writing dependency_links to inertial_sense_ros2.egg-info/dependency_links.txt
[7.497s] writing top-level names to inertial_sense_ros2.egg-info/top_level.txt
[7.702s] reading manifest file 'inertial_sense_ros2.egg-info/SOURCES.txt'
[7.705s] writing manifest file 'inertial_sense_ros2.egg-info/SOURCES.txt'
[7.795s] [ 86%] Built target ament_cmake_python_build_inertial_sense_ros2_egg
[7.799s] gmake: *** [Makefile:146: all] Error 2
[7.805s] Invoked command in '/home/s/Inertial_Sense/imx/SDK/ros2/build/inertial_sense_ros2' returned '2': CMAKE_PREFIX_PATH=${CMAKE_PREFIX_PATH}:/opt/ros/jazzy DEBUGINFOD_URLS=https://debuginfod.ubuntu.com /usr/bin/cmake --build /home/s/Inertial_Sense/imx/SDK/ros2/build/inertial_sense_ros2 -- -j6 -l6
