In file included from [01m[K/home/s/Inertial_Sense/imx/SDK/ros2/include/inertial_sense_ros2.h:72[m[K,
                 from [01m[K/home/s/Inertial_Sense/imx/SDK/ros2/src/inertial_sense_ros2.cpp:19[m[K:
[01m[K/opt/ros/jazzy/include/tf2_geometry_msgs/tf2_geometry_msgs/tf2_geometry_msgs.hpp:56:10:[m[K [01;31m[Kfatal error: [m[Ktf2/convert.h: No such file or directory
   56 | #include [01;31m[K"tf2/convert.h"[m[K
      |          [01;31m[K^~~~~~~~~~~~~~~[m[K
compilation terminated.
gmake[2]: *** [CMakeFiles/new_target.dir/build.make:76: CMakeFiles/new_target.dir/src/inertial_sense_ros2.cpp.o] Error 1
gmake[2]: *** Waiting for unfinished jobs....
In file included from [01m[K/home/s/Inertial_Sense/imx/SDK/ros2/include/inertial_sense_ros2.h:72[m[K,
                 from [01m[K/home/s/Inertial_Sense/imx/SDK/ros2/src/inertial_sense_node.cpp:19[m[K:
[01m[K/opt/ros/jazzy/include/tf2_geometry_msgs/tf2_geometry_msgs/tf2_geometry_msgs.hpp:56:10:[m[K [01;31m[Kfatal error: [m[Ktf2/convert.h: No such file or directory
   56 | #include [01;31m[K"tf2/convert.h"[m[K
      |          [01;31m[K^~~~~~~~~~~~~~~[m[K
compilation terminated.
In file included from [01m[K/home/s/Inertial_Sense/imx/SDK/ros2/include/inertial_sense_ros2.h:72[m[K,
                 from [01m[K/home/s/Inertial_Sense/imx/SDK/ros2/include/TopicHelper.h:26[m[K,
                 from [01m[K/home/s/Inertial_Sense/imx/SDK/ros2/include/ParamHelper.h:24[m[K,
                 from [01m[K/home/s/Inertial_Sense/imx/SDK/ros2/src/ParamHelper.cpp:19[m[K:
[01m[K/opt/ros/jazzy/include/tf2_geometry_msgs/tf2_geometry_msgs/tf2_geometry_msgs.hpp:56:10:[m[K [01;31m[Kfatal error: [m[Ktf2/convert.h: No such file or directory
   56 | #include [01;31m[K"tf2/convert.h"[m[K
      |          [01;31m[K^~~~~~~~~~~~~~~[m[K
compilation terminated.
gmake[2]: *** [CMakeFiles/new_target.dir/build.make:90: CMakeFiles/new_target.dir/src/inertial_sense_node.cpp.o] Error 1
In file included from [01m[K/home/s/Inertial_Sense/imx/SDK/ros2/include/inertial_sense_ros2.h:72[m[K,
                 from [01m[K/home/s/Inertial_Sense/imx/SDK/ros2/include/TopicHelper.h:26[m[K,
                 from [01m[K/home/s/Inertial_Sense/imx/SDK/ros2/include/TopicHelper.cpp:19[m[K:
[01m[K/opt/ros/jazzy/include/tf2_geometry_msgs/tf2_geometry_msgs/tf2_geometry_msgs.hpp:56:10:[m[K [01;31m[Kfatal error: [m[Ktf2/convert.h: No such file or directory
   56 | #include [01;31m[K"tf2/convert.h"[m[K
      |          [01;31m[K^~~~~~~~~~~~~~~[m[K
compilation terminated.
gmake[2]: *** [CMakeFiles/new_target.dir/build.make:104: CMakeFiles/new_target.dir/src/ParamHelper.cpp.o] Error 1
gmake[2]: *** [CMakeFiles/new_target.dir/build.make:132: CMakeFiles/new_target.dir/include/TopicHelper.cpp.o] Error 1
[01m[K/home/s/Inertial_Sense/imx/SDK/ros2/src/serial.cpp:[m[K In member function â€˜[01m[Kvoid Serial::[01;32m[Kasync_write_end[m[K(const boost::system::error_code&, std::size_t)[m[Kâ€™:
[01m[K/home/s/Inertial_Sense/imx/SDK/ros2/src/serial.cpp:172:10:[m[K [01;31m[Kerror: [m[Kâ€˜[01m[Kcerr[m[Kâ€™ is not a member of â€˜[01m[Kstd[m[Kâ€™
  172 |     std::[01;31m[Kcerr[m[K << error.message() << std::endl;
      |          [01;31m[K^~~~[m[K
[01m[K/home/s/Inertial_Sense/imx/SDK/ros2/src/serial.cpp:39:1:[m[K [01;36m[Knote: [m[Kâ€˜[01m[Kstd::cerr[m[Kâ€™ is defined in header â€˜[01m[K<iostream>[m[Kâ€™; did you forget to â€˜[01m[K#include <iostream>[m[Kâ€™?
   38 | #include <serial.h>
  +++ |+[32m[K#include <iostream>[m[K
   39 | 
gmake[2]: *** [CMakeFiles/new_target.dir/build.make:118: CMakeFiles/new_target.dir/src/serial.cpp.o] Error 1
gmake[1]: *** [CMakeFiles/Makefile2:623: CMakeFiles/new_target.dir/all] Error 2
gmake[1]: *** Waiting for unfinished jobs....
gmake: *** [Makefile:146: all] Error 2
