[01m[K/home/s/Inertial_Sense/imx/SDK/ros2/src/inertial_sense_node.cpp:[m[K In function â€˜[01m[Kint[01;32m[K main[m[K(int, char**)[m[Kâ€™:
[01m[K/home/s/Inertial_Sense/imx/SDK/ros2/src/inertial_sense_node.cpp:49:34:[m[K [01;31m[Kerror: [m[Kâ€˜[01m[Kclass InertialSenseROS[m[Kâ€™ has no member named â€˜[01m[Knh_[m[Kâ€™
   49 |         rclcpp::spin_some(thing->[01;31m[Knh_[m[K);
      |                                  [01;31m[K^~~[m[K
gmake[2]: *** [CMakeFiles/new_target.dir/build.make:90: CMakeFiles/new_target.dir/src/inertial_sense_node.cpp.o] Error 1
gmake[1]: *** [CMakeFiles/Makefile2:626: CMakeFiles/new_target.dir/all] Error 2
gmake: *** [Makefile:146: all] Error 2
