[  1%] Built target inertial_sense_ros2__rosidl_generator_type_description
[  1%] Built target ament_cmake_python_copy_inertial_sense_ros2
[ 27%] Built target inertial_sense_ros2__rosidl_generator_c
running egg_info
writing inertial_sense_ros2.egg-info/PKG-INFO
writing dependency_links to inertial_sense_ros2.egg-info/dependency_links.txt
writing top-level names to inertial_sense_ros2.egg-info/top_level.txt
reading manifest file 'inertial_sense_ros2.egg-info/SOURCES.txt'
writing manifest file 'inertial_sense_ros2.egg-info/SOURCES.txt'
[ 27%] Built target ament_cmake_python_build_inertial_sense_ros2_egg
[ 36%] Built target inertial_sense_ros2__rosidl_typesupport_introspection_c
[ 45%] Built target inertial_sense_ros2__rosidl_typesupport_c
[ 54%] Built target inertial_sense_ros2__rosidl_typesupport_fastrtps_c
[ 54%] Built target inertial_sense_ros2__cpp
[ 64%] Built target inertial_sense_ros2__rosidl_typesupport_cpp
[ 74%] Built target inertial_sense_ros2__rosidl_typesupport_introspection_cpp
[ 84%] Built target inertial_sense_ros2__rosidl_typesupport_fastrtps_cpp
[ 84%] Built target inertial_sense_ros2
[ 85%] Built target inertial_sense_ros2__py
[ 85%] [32mBuilding CXX object CMakeFiles/new_target.dir/src/inertial_sense_ros2.cpp.o[0m
[ 86%] [32mBuilding CXX object CMakeFiles/new_target.dir/src/inertial_sense_node.cpp.o[0m
[01m[K/home/s/Inertial_Sense/imx/SDK/ros2/src/inertial_sense_node.cpp:[m[K In function â€˜[01m[Kint[01;32m[K main[m[K(int, char**)[m[Kâ€™:
[01m[K/home/s/Inertial_Sense/imx/SDK/ros2/src/inertial_sense_node.cpp:49:34:[m[K [01;31m[Kerror: [m[Kâ€˜[01m[Kclass InertialSenseROS[m[Kâ€™ has no member named â€˜[01m[Knh_[m[Kâ€™
   49 |         rclcpp::spin_some(thing->[01;31m[Knh_[m[K);
      |                                  [01;31m[K^~~[m[K
gmake[2]: *** [CMakeFiles/new_target.dir/build.make:90: CMakeFiles/new_target.dir/src/inertial_sense_node.cpp.o] Error 1
gmake[1]: *** [CMakeFiles/Makefile2:626: CMakeFiles/new_target.dir/all] Error 2
gmake: *** [Makefile:146: all] Error 2
