[0.043s] Invoking command in '/home/s/Inertial_Sense/imx/SDK/ros2/build/inertial_sense_ros2': CMAKE_PREFIX_PATH=${CMAKE_PREFIX_PATH}:/opt/ros/jazzy DEBUGINFOD_URLS=https://debuginfod.ubuntu.com /usr/bin/cmake --build /home/s/Inertial_Sense/imx/SDK/ros2/build/inertial_sense_ros2 -- -j6 -l6
[0.172s] -- Found std_msgs: 5.3.5 (/opt/ros/jazzy/share/std_msgs/cmake)
[0.253s] -- Found Python3: /usr/bin/python3 (found version "3.12.3") found components: Interpreter 
[0.582s] -- Found rosidl_generator_c: 4.6.3 (/opt/ros/jazzy/share/rosidl_generator_c/cmake)
[0.614s] -- Found rosidl_generator_cpp: 4.6.3 (/opt/ros/jazzy/share/rosidl_generator_cpp/cmake)
[0.656s] -- Using all available rosidl_typesupport_c: rosidl_typesupport_fastrtps_c;rosidl_typesupport_introspection_c
[0.700s] -- Using all available rosidl_typesupport_cpp: rosidl_typesupport_fastrtps_cpp;rosidl_typesupport_introspection_cpp
[0.792s] -- Found std_srvs: 5.3.5 (/opt/ros/jazzy/share/std_srvs/cmake)
[0.911s] -- Found geometry_msgs: 5.3.5 (/opt/ros/jazzy/share/geometry_msgs/cmake)
[0.969s] -- Found rclcpp: 28.1.3 (/opt/ros/jazzy/share/rclcpp/cmake)
[1.095s] -- Found rmw_implementation_cmake: 7.3.1 (/opt/ros/jazzy/share/rmw_implementation_cmake/cmake)
[1.100s] -- Found rmw_fastrtps_cpp: 8.4.1 (/opt/ros/jazzy/share/rmw_fastrtps_cpp/cmake)
[1.323s] -- Using RMW implementation 'rmw_fastrtps_cpp' as default
[1.554s] -- Found rclpy: 7.1.1 (/opt/ros/jazzy/share/rclpy/cmake)
[1.555s] -- Found sensor_msgs: 5.3.5 (/opt/ros/jazzy/share/sensor_msgs/cmake)
[1.645s] -- Found nav_msgs: 5.3.5 (/opt/ros/jazzy/share/nav_msgs/cmake)
[1.749s] -- Found diagnostic_msgs: 5.3.5 (/opt/ros/jazzy/share/diagnostic_msgs/cmake)
[1.841s] -- Found rosidl_default_generators: 1.6.0 (/opt/ros/jazzy/share/rosidl_default_generators/cmake)
[1.873s] -- Found rosidl_adapter: 4.6.3 (/opt/ros/jazzy/share/rosidl_adapter/cmake)
[1.879s] -- Found tf2: 0.36.4 (/opt/ros/jazzy/share/tf2/cmake)
[3.130s] -- Found ament_cmake_ros: 0.12.0 (/opt/ros/jazzy/share/ament_cmake_ros/cmake)
[4.272s] -- Using all available rosidl_typesupport_c: rosidl_typesupport_fastrtps_c;rosidl_typesupport_introspection_c
[4.716s] -- Using all available rosidl_typesupport_cpp: rosidl_typesupport_fastrtps_cpp;rosidl_typesupport_introspection_cpp
[4.721s] -- Found python_cmake_module: 0.11.1 (/opt/ros/jazzy/share/python_cmake_module/cmake)
[5.557s] -- Found Python3: /usr/bin/python3 (found version "3.12.3") found components: Interpreter Development NumPy Development.Module Development.Embed 
[5.736s] -- Configuring done (5.6s)
[6.045s] -- Generating done (0.2s)
[6.072s] -- Build files have been written to: /home/s/Inertial_Sense/imx/SDK/ros2/build/inertial_sense_ros2
[6.228s] [  1%] Built target inertial_sense_ros2__rosidl_generator_type_description
[6.277s] [  1%] Built target ament_cmake_python_copy_inertial_sense_ros2
[6.327s] [  1%] Built target inertial_sense_ros2__cpp
[6.358s] [  2%] [32m[1mLinking CXX executable new_target[0m
[6.423s] [ 28%] Built target inertial_sense_ros2__rosidl_generator_c
[6.568s] [ 37%] Built target inertial_sense_ros2__rosidl_typesupport_introspection_c
[6.616s] [ 47%] Built target inertial_sense_ros2__rosidl_typesupport_fastrtps_cpp
[6.639s] [ 56%] Built target inertial_sense_ros2__rosidl_typesupport_fastrtps_c
[6.640s] [ 66%] Built target inertial_sense_ros2__rosidl_typesupport_cpp
[6.717s] [ 75%] Built target inertial_sense_ros2__rosidl_typesupport_c
[6.793s] /usr/bin/ld: cannot find -linertial-sense-sdk: No such file or directory
[6.811s] [ 85%] Built target inertial_sense_ros2__rosidl_typesupport_introspection_cpp
[6.903s] [ 85%] Built target inertial_sense_ros2
[6.945s] collect2: error: ld returned 1 exit status
[6.954s] gmake[2]: *** [CMakeFiles/new_target.dir/build.make:251: new_target] Error 1
[6.954s] gmake[1]: *** [CMakeFiles/Makefile2:623: CMakeFiles/new_target.dir/all] Error 2
[6.955s] gmake[1]: *** Waiting for unfinished jobs....
[7.002s] [ 86%] Built target inertial_sense_ros2__py
[7.053s] running egg_info
[7.122s] writing inertial_sense_ros2.egg-info/PKG-INFO
[7.123s] writing dependency_links to inertial_sense_ros2.egg-info/dependency_links.txt
[7.125s] writing top-level names to inertial_sense_ros2.egg-info/top_level.txt
[7.321s] reading manifest file 'inertial_sense_ros2.egg-info/SOURCES.txt'
[7.324s] writing manifest file 'inertial_sense_ros2.egg-info/SOURCES.txt'
[7.410s] [ 86%] Built target ament_cmake_python_build_inertial_sense_ros2_egg
[7.413s] gmake: *** [Makefile:146: all] Error 2
[7.420s] Invoked command in '/home/s/Inertial_Sense/imx/SDK/ros2/build/inertial_sense_ros2' returned '2': CMAKE_PREFIX_PATH=${CMAKE_PREFIX_PATH}:/opt/ros/jazzy DEBUGINFOD_URLS=https://debuginfod.ubuntu.com /usr/bin/cmake --build /home/s/Inertial_Sense/imx/SDK/ros2/build/inertial_sense_ros2 -- -j6 -l6
