[0.048s] Invoking command in '/home/s/Inertial_Sense/imx/SDK/ros2/build/inertial_sense_ros2': CMAKE_PREFIX_PATH=${CMAKE_PREFIX_PATH}:/opt/ros/jazzy DEBUGINFOD_URLS=https://debuginfod.ubuntu.com /usr/bin/cmake --build /home/s/Inertial_Sense/imx/SDK/ros2/build/inertial_sense_ros2 -- -j6 -l6
[0.178s] -- Found std_msgs: 5.3.5 (/opt/ros/jazzy/share/std_msgs/cmake)
[0.264s] -- Found Python3: /usr/bin/python3 (found version "3.12.3") found components: Interpreter 
[0.596s] -- Found rosidl_generator_c: 4.6.3 (/opt/ros/jazzy/share/rosidl_generator_c/cmake)
[0.630s] -- Found rosidl_generator_cpp: 4.6.3 (/opt/ros/jazzy/share/rosidl_generator_cpp/cmake)
[0.669s] -- Using all available rosidl_typesupport_c: rosidl_typesupport_fastrtps_c;rosidl_typesupport_introspection_c
[0.715s] -- Using all available rosidl_typesupport_cpp: rosidl_typesupport_fastrtps_cpp;rosidl_typesupport_introspection_cpp
[0.808s] -- Found std_srvs: 5.3.5 (/opt/ros/jazzy/share/std_srvs/cmake)
[0.923s] -- Found geometry_msgs: 5.3.5 (/opt/ros/jazzy/share/geometry_msgs/cmake)
[0.975s] -- Found rclcpp: 28.1.3 (/opt/ros/jazzy/share/rclcpp/cmake)
[1.104s] -- Found rmw_implementation_cmake: 7.3.1 (/opt/ros/jazzy/share/rmw_implementation_cmake/cmake)
[1.108s] -- Found rmw_fastrtps_cpp: 8.4.1 (/opt/ros/jazzy/share/rmw_fastrtps_cpp/cmake)
[1.326s] -- Using RMW implementation 'rmw_fastrtps_cpp' as default
[1.544s] -- Found rclpy: 7.1.1 (/opt/ros/jazzy/share/rclpy/cmake)
[1.545s] -- Found sensor_msgs: 5.3.5 (/opt/ros/jazzy/share/sensor_msgs/cmake)
[1.630s] -- Found nav_msgs: 5.3.5 (/opt/ros/jazzy/share/nav_msgs/cmake)
[1.725s] -- Found diagnostic_msgs: 5.3.5 (/opt/ros/jazzy/share/diagnostic_msgs/cmake)
[1.813s] -- Found rosidl_default_generators: 1.6.0 (/opt/ros/jazzy/share/rosidl_default_generators/cmake)
[1.846s] -- Found rosidl_adapter: 4.6.3 (/opt/ros/jazzy/share/rosidl_adapter/cmake)
[1.852s] -- Found tf2: 0.36.4 (/opt/ros/jazzy/share/tf2/cmake)
[3.117s] -- Found ament_cmake_ros: 0.12.0 (/opt/ros/jazzy/share/ament_cmake_ros/cmake)
[4.238s] -- Using all available rosidl_typesupport_c: rosidl_typesupport_fastrtps_c;rosidl_typesupport_introspection_c
[4.691s] -- Using all available rosidl_typesupport_cpp: rosidl_typesupport_fastrtps_cpp;rosidl_typesupport_introspection_cpp
[4.696s] -- Found python_cmake_module: 0.11.1 (/opt/ros/jazzy/share/python_cmake_module/cmake)
[5.547s] -- Found Python3: /usr/bin/python3 (found version "3.12.3") found components: Interpreter Development NumPy Development.Module Development.Embed 
[5.721s] -- Configuring done (5.6s)
[6.032s] -- Generating done (0.2s)
[6.060s] -- Build files have been written to: /home/s/Inertial_Sense/imx/SDK/ros2/build/inertial_sense_ros2
[6.220s] [  1%] Built target inertial_sense_ros2__rosidl_generator_type_description
[6.275s] [  1%] Built target ament_cmake_python_copy_inertial_sense_ros2
[6.319s] [  1%] Built target inertial_sense_ros2__cpp
[6.348s] [  2%] [32m[1mLinking CXX executable new_target[0m
[6.413s] [ 28%] Built target inertial_sense_ros2__rosidl_generator_c
[6.562s] [ 37%] Built target inertial_sense_ros2__rosidl_typesupport_introspection_c
[6.630s] [ 57%] Built target inertial_sense_ros2__rosidl_typesupport_cpp
[6.630s] [ 57%] Built target inertial_sense_ros2__rosidl_typesupport_fastrtps_cpp
[6.633s] [ 66%] Built target inertial_sense_ros2__rosidl_typesupport_fastrtps_c
[6.702s] [ 75%] Built target inertial_sense_ros2__rosidl_typesupport_c
[6.789s] /usr/bin/ld: cannot find -linertial_sense_node: No such file or directory
[6.803s] [ 85%] Built target inertial_sense_ros2__rosidl_typesupport_introspection_cpp
[6.880s] [ 85%] Built target inertial_sense_ros2
[6.936s] collect2: error: ld returned 1 exit status
[6.940s] gmake[2]: *** [CMakeFiles/new_target.dir/build.make:251: new_target] Error 1
[6.941s] gmake[1]: *** [CMakeFiles/Makefile2:623: CMakeFiles/new_target.dir/all] Error 2
[6.942s] gmake[1]: *** Waiting for unfinished jobs....
[6.977s] [ 86%] Built target inertial_sense_ros2__py
[7.007s] running egg_info
[7.077s] writing inertial_sense_ros2.egg-info/PKG-INFO
[7.079s] writing dependency_links to inertial_sense_ros2.egg-info/dependency_links.txt
[7.080s] writing top-level names to inertial_sense_ros2.egg-info/top_level.txt
[7.282s] reading manifest file 'inertial_sense_ros2.egg-info/SOURCES.txt'
[7.285s] writing manifest file 'inertial_sense_ros2.egg-info/SOURCES.txt'
[7.367s] [ 86%] Built target ament_cmake_python_build_inertial_sense_ros2_egg
[7.372s] gmake: *** [Makefile:146: all] Error 2
[7.379s] Invoked command in '/home/s/Inertial_Sense/imx/SDK/ros2/build/inertial_sense_ros2' returned '2': CMAKE_PREFIX_PATH=${CMAKE_PREFIX_PATH}:/opt/ros/jazzy DEBUGINFOD_URLS=https://debuginfod.ubuntu.com /usr/bin/cmake --build /home/s/Inertial_Sense/imx/SDK/ros2/build/inertial_sense_ros2 -- -j6 -l6
