[0.044s] Invoking command in '/home/s/Inertial_Sense/imx/SDK/ros2/build/inertial_sense_ros2': CMAKE_PREFIX_PATH=${CMAKE_PREFIX_PATH}:/opt/ros/jazzy DEBUGINFOD_URLS=https://debuginfod.ubuntu.com /usr/bin/cmake --build /home/s/Inertial_Sense/imx/SDK/ros2/build/inertial_sense_ros2 -- -j6 -l6
[0.172s] -- Found std_msgs: 5.3.5 (/opt/ros/jazzy/share/std_msgs/cmake)
[0.261s] -- Found Python3: /usr/bin/python3 (found version "3.12.3") found components: Interpreter 
[0.597s] -- Found rosidl_generator_c: 4.6.3 (/opt/ros/jazzy/share/rosidl_generator_c/cmake)
[0.630s] -- Found rosidl_generator_cpp: 4.6.3 (/opt/ros/jazzy/share/rosidl_generator_cpp/cmake)
[0.668s] -- Using all available rosidl_typesupport_c: rosidl_typesupport_fastrtps_c;rosidl_typesupport_introspection_c
[0.713s] -- Using all available rosidl_typesupport_cpp: rosidl_typesupport_fastrtps_cpp;rosidl_typesupport_introspection_cpp
[0.801s] -- Found std_srvs: 5.3.5 (/opt/ros/jazzy/share/std_srvs/cmake)
[0.916s] -- Found geometry_msgs: 5.3.5 (/opt/ros/jazzy/share/geometry_msgs/cmake)
[0.968s] -- Found rclcpp: 28.1.3 (/opt/ros/jazzy/share/rclcpp/cmake)
[1.091s] -- Found rmw_implementation_cmake: 7.3.1 (/opt/ros/jazzy/share/rmw_implementation_cmake/cmake)
[1.096s] -- Found rmw_fastrtps_cpp: 8.4.1 (/opt/ros/jazzy/share/rmw_fastrtps_cpp/cmake)
[1.316s] -- Using RMW implementation 'rmw_fastrtps_cpp' as default
[1.534s] -- Found rclpy: 7.1.1 (/opt/ros/jazzy/share/rclpy/cmake)
[1.535s] -- Found sensor_msgs: 5.3.5 (/opt/ros/jazzy/share/sensor_msgs/cmake)
[1.617s] -- Found nav_msgs: 5.3.5 (/opt/ros/jazzy/share/nav_msgs/cmake)
[1.709s] -- Found diagnostic_msgs: 5.3.5 (/opt/ros/jazzy/share/diagnostic_msgs/cmake)
[1.795s] -- Found rosidl_default_generators: 1.6.0 (/opt/ros/jazzy/share/rosidl_default_generators/cmake)
[1.823s] -- Found rosidl_adapter: 4.6.3 (/opt/ros/jazzy/share/rosidl_adapter/cmake)
[1.829s] -- Found tf2: 0.36.4 (/opt/ros/jazzy/share/tf2/cmake)
[3.099s] -- Found ament_cmake_ros: 0.12.0 (/opt/ros/jazzy/share/ament_cmake_ros/cmake)
[4.288s] -- Using all available rosidl_typesupport_c: rosidl_typesupport_fastrtps_c;rosidl_typesupport_introspection_c
[4.831s] -- Using all available rosidl_typesupport_cpp: rosidl_typesupport_fastrtps_cpp;rosidl_typesupport_introspection_cpp
[4.836s] -- Found python_cmake_module: 0.11.1 (/opt/ros/jazzy/share/python_cmake_module/cmake)
[5.787s] -- Found Python3: /usr/bin/python3 (found version "3.12.3") found components: Interpreter Development NumPy Development.Module Development.Embed 
[5.963s] -- Configuring done (5.8s)
[6.273s] -- Generating done (0.2s)
[6.299s] -- Build files have been written to: /home/s/Inertial_Sense/imx/SDK/ros2/build/inertial_sense_ros2
[6.459s] [  1%] Built target inertial_sense_ros2__rosidl_generator_type_description
[6.508s] [  1%] Built target ament_cmake_python_copy_inertial_sense_ros2
[6.560s] [  1%] Built target inertial_sense_ros2__cpp
[6.591s] [  2%] [32m[1mLinking CXX executable new_target[0m
[6.653s] [ 28%] Built target inertial_sense_ros2__rosidl_generator_c
[6.807s] [ 37%] Built target inertial_sense_ros2__rosidl_typesupport_introspection_c
[6.859s] [ 47%] Built target inertial_sense_ros2__rosidl_typesupport_cpp
[6.889s] [ 56%] Built target inertial_sense_ros2__rosidl_typesupport_fastrtps_c
[6.922s] [ 66%] Built target inertial_sense_ros2__rosidl_typesupport_fastrtps_cpp
[6.951s] [ 75%] Built target inertial_sense_ros2__rosidl_typesupport_c
[7.064s] [ 85%] Built target inertial_sense_ros2__rosidl_typesupport_introspection_cpp
[7.121s] /usr/bin/ld: cannot find -lISEarth: No such file or directory
[7.156s] [ 85%] Built target inertial_sense_ros2
[7.254s] [ 86%] Built target inertial_sense_ros2__py
[7.292s] collect2: error: ld returned 1 exit status
[7.299s] gmake[2]: *** [CMakeFiles/new_target.dir/build.make:251: new_target] Error 1
[7.300s] gmake[1]: *** [CMakeFiles/Makefile2:623: CMakeFiles/new_target.dir/all] Error 2
[7.301s] gmake[1]: *** Waiting for unfinished jobs....
[7.334s] running egg_info
[7.414s] writing inertial_sense_ros2.egg-info/PKG-INFO
[7.415s] writing dependency_links to inertial_sense_ros2.egg-info/dependency_links.txt
[7.416s] writing top-level names to inertial_sense_ros2.egg-info/top_level.txt
[7.440s] [ 95%] Built target inertial_sense_ros2__rosidl_generator_py
[7.632s] reading manifest file 'inertial_sense_ros2.egg-info/SOURCES.txt'
[7.635s] writing manifest file 'inertial_sense_ros2.egg-info/SOURCES.txt'
[7.725s] [ 95%] Built target ament_cmake_python_build_inertial_sense_ros2_egg
[7.728s] gmake: *** [Makefile:146: all] Error 2
[7.735s] Invoked command in '/home/s/Inertial_Sense/imx/SDK/ros2/build/inertial_sense_ros2' returned '2': CMAKE_PREFIX_PATH=${CMAKE_PREFIX_PATH}:/opt/ros/jazzy DEBUGINFOD_URLS=https://debuginfod.ubuntu.com /usr/bin/cmake --build /home/s/Inertial_Sense/imx/SDK/ros2/build/inertial_sense_ros2 -- -j6 -l6
