[0.146s] Invoking command in '/home/s/Inertial_Sense/imx/SDK/ros2/build/inertial_sense_ros2': CMAKE_PREFIX_PATH=${CMAKE_PREFIX_PATH}:/opt/ros/jazzy DEBUGINFOD_URLS=https://debuginfod.ubuntu.com /usr/bin/cmake --build /home/s/Inertial_Sense/imx/SDK/ros2/build/inertial_sense_ros2 -- -j16 -l16
[0.553s] -- Found rosidl_default_generators: 1.6.0 (/opt/ros/jazzy/share/rosidl_default_generators/cmake)
[1.579s] -- Using all available rosidl_typesupport_c: rosidl_typesupport_fastrtps_c;rosidl_typesupport_introspection_c
[2.057s] -- Using all available rosidl_typesupport_cpp: rosidl_typesupport_fastrtps_cpp;rosidl_typesupport_introspection_cpp
[2.414s] -- Found rosidl_adapter: 4.6.2 (/opt/ros/jazzy/share/rosidl_adapter/cmake)
[2.443s] -- Found rclcpp: 28.1.2 (/opt/ros/jazzy/share/rclcpp/cmake)
[2.995s] -- Found rmw_implementation_cmake: 7.3.1 (/opt/ros/jazzy/share/rmw_implementation_cmake/cmake)
[3.012s] -- Found rmw_fastrtps_cpp: 8.4.0 (/opt/ros/jazzy/share/rmw_fastrtps_cpp/cmake)
[3.688s] -- Using RMW implementation 'rmw_fastrtps_cpp' as default
[4.177s] -- Found rclpy: 7.1.1 (/opt/ros/jazzy/share/rclpy/cmake)
[4.180s] -- Found std_msgs: 5.3.5 (/opt/ros/jazzy/share/std_msgs/cmake)
[4.287s] -- Found sensor_msgs: 5.3.5 (/opt/ros/jazzy/share/sensor_msgs/cmake)
[4.581s] -- Found diagnostic_msgs: 5.3.5 (/opt/ros/jazzy/share/diagnostic_msgs/cmake)
[7.495s] -- Found ament_cmake_ros: 0.12.0 (/opt/ros/jazzy/share/ament_cmake_ros/cmake)
[9.142s] -- Using all available rosidl_typesupport_c: rosidl_typesupport_fastrtps_c;rosidl_typesupport_introspection_c
[11.298s] -- Using all available rosidl_typesupport_cpp: rosidl_typesupport_fastrtps_cpp;rosidl_typesupport_introspection_cpp
[11.316s] -- Found python_cmake_module: 0.11.1 (/opt/ros/jazzy/share/python_cmake_module/cmake)
[13.902s] -- Found Python3: /usr/bin/python3 (found version "3.12.3") found components: Interpreter Development NumPy Development.Module Development.Embed 
[14.241s] -- Configuring done (13.7s)
[14.893s] -- Generating done (0.5s)
[14.953s] -- Build files have been written to: /home/s/Inertial_Sense/imx/SDK/ros2/build/inertial_sense_ros2
[15.505s] [  1%] [34m[1mGenerating type hashes for ROS interfaces[0m
[15.655s] [  1%] Built target ament_cmake_python_copy_inertial_sense_ros2
[17.967s] running egg_info
[18.200s] writing inertial_sense_ros2.egg-info/PKG-INFO
[18.203s] writing dependency_links to inertial_sense_ros2.egg-info/dependency_links.txt
[18.207s] writing top-level names to inertial_sense_ros2.egg-info/top_level.txt
[18.886s] reading manifest file 'inertial_sense_ros2.egg-info/SOURCES.txt'
[18.892s] writing manifest file 'inertial_sense_ros2.egg-info/SOURCES.txt'
[19.109s] [  1%] Built target ament_cmake_python_build_inertial_sense_ros2_egg
[29.290s] Traceback (most recent call last):
[29.294s]   File "/opt/ros/jazzy/lib/rosidl_generator_type_description/rosidl_generator_type_description", line 50, in <module>
[29.296s]     sys.exit(main())
[29.299s]              ^^^^^^
[29.300s]   File "/opt/ros/jazzy/lib/rosidl_generator_type_description/rosidl_generator_type_description", line 46, in main
[29.301s]     generate_type_hash(args.generator_arguments_file)
[29.303s]   File "/opt/ros/jazzy/lib/python3.12/site-packages/rosidl_generator_type_description/__init__.py", line 162, in generate_type_hash
[29.304s]     with include_path.open('r') as include_file:
[29.306s]          ^^^^^^^^^^^^^^^^^^^^^^
[29.308s]   File "/usr/lib/python3.12/pathlib.py", line 1015, in open
[29.310s]     return io.open(self, mode, buffering, encoding, errors, newline)
[29.311s]            ^^^^^^^^^^^^^^^^^^^^^^^^^^^^^^^^^^^^^^^^^^^^^^^^^^^^^^^^^
[29.313s] FileNotFoundError: [Errno 2] No such file or directory: '/home/s/Inertial_Sense/imx/SDK/ros2/build/inertial_sense_ros2/rosidl_generator_type_description/inertial_sense_ros2/msg/Header.json'
[29.618s] gmake[2]: *** [CMakeFiles/inertial_sense_ros2__rosidl_generator_type_description.dir/build.make:79: rosidl_generator_type_description/inertial_sense_ros2/msg/GTime.json] Error 1
[29.621s] gmake[1]: *** [CMakeFiles/Makefile2:215: CMakeFiles/inertial_sense_ros2__rosidl_generator_type_description.dir/all] Error 2
[29.623s] gmake: *** [Makefile:146: all] Error 2
[29.648s] Invoked command in '/home/s/Inertial_Sense/imx/SDK/ros2/build/inertial_sense_ros2' returned '2': CMAKE_PREFIX_PATH=${CMAKE_PREFIX_PATH}:/opt/ros/jazzy DEBUGINFOD_URLS=https://debuginfod.ubuntu.com /usr/bin/cmake --build /home/s/Inertial_Sense/imx/SDK/ros2/build/inertial_sense_ros2 -- -j16 -l16
