[0.147s] Invoking command in '/home/s/Inertial_Sense/imx/SDK/ros2/build/inertial_sense_ros2': CMAKE_PREFIX_PATH=${CMAKE_PREFIX_PATH}:/opt/ros/jazzy DEBUGINFOD_URLS=https://debuginfod.ubuntu.com /usr/bin/cmake --build /home/s/Inertial_Sense/imx/SDK/ros2/build/inertial_sense_ros2 -- -j16 -l16
[0.557s] -- Found std_msgs: 5.3.5 (/opt/ros/jazzy/share/std_msgs/cmake)
[0.862s] -- Found Python3: /usr/bin/python3 (found version "3.12.3") found components: Interpreter 
[1.929s] -- Found rosidl_generator_c: 4.6.2 (/opt/ros/jazzy/share/rosidl_generator_c/cmake)
[2.047s] -- Found rosidl_generator_cpp: 4.6.2 (/opt/ros/jazzy/share/rosidl_generator_cpp/cmake)
[2.178s] -- Using all available rosidl_typesupport_c: rosidl_typesupport_fastrtps_c;rosidl_typesupport_introspection_c
[2.324s] -- Using all available rosidl_typesupport_cpp: rosidl_typesupport_fastrtps_cpp;rosidl_typesupport_introspection_cpp
[2.578s] -- Found geometry_msgs: 5.3.5 (/opt/ros/jazzy/share/geometry_msgs/cmake)
[2.702s] -- Found rclcpp: 28.1.2 (/opt/ros/jazzy/share/rclcpp/cmake)
[3.192s] -- Found rmw_implementation_cmake: 7.3.1 (/opt/ros/jazzy/share/rmw_implementation_cmake/cmake)
[3.208s] -- Found rmw_fastrtps_cpp: 8.4.0 (/opt/ros/jazzy/share/rmw_fastrtps_cpp/cmake)
[3.886s] -- Using RMW implementation 'rmw_fastrtps_cpp' as default
[4.382s] -- Found rclpy: 7.1.1 (/opt/ros/jazzy/share/rclpy/cmake)
[4.386s] -- Found sensor_msgs: 5.3.5 (/opt/ros/jazzy/share/sensor_msgs/cmake)
[4.571s] -- Found diagnostic_msgs: 5.3.5 (/opt/ros/jazzy/share/diagnostic_msgs/cmake)
[4.706s] -- Found rosidl_default_generators: 1.6.0 (/opt/ros/jazzy/share/rosidl_default_generators/cmake)
[4.811s] -- Found rosidl_adapter: 4.6.2 (/opt/ros/jazzy/share/rosidl_adapter/cmake)
[7.659s] -- Found ament_cmake_ros: 0.12.0 (/opt/ros/jazzy/share/ament_cmake_ros/cmake)
[10.375s] -- Using all available rosidl_typesupport_c: rosidl_typesupport_fastrtps_c;rosidl_typesupport_introspection_c
[11.469s] -- Using all available rosidl_typesupport_cpp: rosidl_typesupport_fastrtps_cpp;rosidl_typesupport_introspection_cpp
[11.489s] -- Found python_cmake_module: 0.11.1 (/opt/ros/jazzy/share/python_cmake_module/cmake)
[14.398s] -- Found Python3: /usr/bin/python3 (found version "3.12.3") found components: Interpreter Development NumPy Development.Module Development.Embed 
[14.782s] -- Configuring done (14.3s)
[15.420s] -- Generating done (0.5s)
[15.473s] -- Build files have been written to: /home/s/Inertial_Sense/imx/SDK/ros2/build/inertial_sense_ros2
[16.022s] [  1%] [34m[1mGenerating type hashes for ROS interfaces[0m
[16.194s] [  1%] Built target ament_cmake_python_copy_inertial_sense_ros2
[18.525s] running egg_info
[18.750s] writing inertial_sense_ros2.egg-info/PKG-INFO
[18.753s] writing dependency_links to inertial_sense_ros2.egg-info/dependency_links.txt
[18.756s] writing top-level names to inertial_sense_ros2.egg-info/top_level.txt
[19.458s] reading manifest file 'inertial_sense_ros2.egg-info/SOURCES.txt'
[19.466s] writing manifest file 'inertial_sense_ros2.egg-info/SOURCES.txt'
[19.696s] [  1%] Built target ament_cmake_python_build_inertial_sense_ros2_egg
[30.111s] Traceback (most recent call last):
[30.113s]   File "/opt/ros/jazzy/lib/rosidl_generator_type_description/rosidl_generator_type_description", line 50, in <module>
[30.120s]     sys.exit(main())
[30.121s]              ^^^^^^
[30.124s]   File "/opt/ros/jazzy/lib/rosidl_generator_type_description/rosidl_generator_type_description", line 46, in main
[30.125s]     generate_type_hash(args.generator_arguments_file)
[30.127s]   File "/opt/ros/jazzy/lib/python3.12/site-packages/rosidl_generator_type_description/__init__.py", line 160, in generate_type_hash
[30.129s]     pkg_dir = include_map[pkg]
[30.131s]               ~~~~~~~~~~~^^^^^
[30.133s] KeyError: 'geometry_msgs'
[30.431s] gmake[2]: *** [CMakeFiles/inertial_sense_ros2__rosidl_generator_type_description.dir/build.make:81: rosidl_generator_type_description/inertial_sense_ros2/msg/GTime.json] Error 1
[30.434s] gmake[1]: *** [CMakeFiles/Makefile2:215: CMakeFiles/inertial_sense_ros2__rosidl_generator_type_description.dir/all] Error 2
[30.437s] gmake: *** [Makefile:146: all] Error 2
[30.468s] Invoked command in '/home/s/Inertial_Sense/imx/SDK/ros2/build/inertial_sense_ros2' returned '2': CMAKE_PREFIX_PATH=${CMAKE_PREFIX_PATH}:/opt/ros/jazzy DEBUGINFOD_URLS=https://debuginfod.ubuntu.com /usr/bin/cmake --build /home/s/Inertial_Sense/imx/SDK/ros2/build/inertial_sense_ros2 -- -j16 -l16
