[0.136s] Invoking command in '/home/s/Inertial_Sense/imx/SDK/ros2/build/inertial_sense_ros2': CMAKE_PREFIX_PATH=${CMAKE_PREFIX_PATH}:/opt/ros/jazzy DEBUGINFOD_URLS=https://debuginfod.ubuntu.com /usr/bin/cmake --build /home/s/Inertial_Sense/imx/SDK/ros2/build/inertial_sense_ros2 -- -j16 -l16
[0.568s] -- Found rosidl_default_generators: 1.6.0 (/opt/ros/jazzy/share/rosidl_default_generators/cmake)
[1.582s] -- Using all available rosidl_typesupport_c: rosidl_typesupport_fastrtps_c;rosidl_typesupport_introspection_c
[2.058s] -- Using all available rosidl_typesupport_cpp: rosidl_typesupport_fastrtps_cpp;rosidl_typesupport_introspection_cpp
[2.401s] -- Found rosidl_adapter: 4.6.2 (/opt/ros/jazzy/share/rosidl_adapter/cmake)
[2.432s] -- Found rclcpp: 28.1.2 (/opt/ros/jazzy/share/rclcpp/cmake)
[2.989s] -- Found rmw_implementation_cmake: 7.3.1 (/opt/ros/jazzy/share/rmw_implementation_cmake/cmake)
[2.999s] -- Found rmw_fastrtps_cpp: 8.4.0 (/opt/ros/jazzy/share/rmw_fastrtps_cpp/cmake)
[3.679s] -- Using RMW implementation 'rmw_fastrtps_cpp' as default
[4.176s] -- Found rclpy: 7.1.1 (/opt/ros/jazzy/share/rclpy/cmake)
[4.179s] -- Found std_msgs: 5.3.5 (/opt/ros/jazzy/share/std_msgs/cmake)
[4.287s] -- Found sensor_msgs: 5.3.5 (/opt/ros/jazzy/share/sensor_msgs/cmake)
[4.576s] -- Found diagnostic_msgs: 5.3.5 (/opt/ros/jazzy/share/diagnostic_msgs/cmake)
[6.222s] [31mCMake Error at /opt/ros/jazzy/share/rosidl_adapter/cmake/rosidl_adapt_interfaces.cmake:57 (message):
[6.223s]   execute_process(/usr/bin/python3 -m rosidl_adapter --package-name
[6.225s]   inertial_sense_ros2 --arguments-file
[6.228s]   /home/s/Inertial_Sense/imx/SDK/ros2/build/inertial_sense_ros2/rosidl_adapter__arguments__inertial_sense_ros2.json
[6.231s]   --output-dir
[6.234s]   /home/s/Inertial_Sense/imx/SDK/ros2/build/inertial_sense_ros2/rosidl_adapter/inertial_sense_ros2
[6.236s]   --output-file
[6.237s]   /home/s/Inertial_Sense/imx/SDK/ros2/build/inertial_sense_ros2/rosidl_adapter/inertial_sense_ros2.idls)
[6.238s]   returned error code 1:
[6.240s] 
[6.241s]   Error processing 'float32 hMSL' of 'inertial_sense_ros2/GPS': ''hMSL' is an
[6.243s]   invalid field name.  It should have the pattern
[6.244s]   '^(?!.*__)(?!.*_$)[a-z][a-z0-9_]*$''
[6.246s] 
[6.247s]   Traceback (most recent call last):
[6.249s] 
[6.250s]     File "<frozen runpy>", line 198, in _run_module_as_main
[6.252s]     File "<frozen runpy>", line 88, in _run_code
[6.254s]     File "/opt/ros/jazzy/lib/python3.12/site-packages/rosidl_adapter/__main__.py", line 19, in <module>
[6.256s]       sys.exit(main())
[6.257s]                ^^^^^^
[6.259s]     File "/opt/ros/jazzy/lib/python3.12/site-packages/rosidl_adapter/main.py", line 53, in main
[6.260s]       abs_idl_file = convert_to_idl(
[6.262s]                      ^^^^^^^^^^^^^^^
[6.264s]     File "/opt/ros/jazzy/lib/python3.12/site-packages/rosidl_adapter/__init__.py", line 19, in convert_to_idl
[6.265s]       return convert_msg_to_idl(
[6.267s]              ^^^^^^^^^^^^^^^^^^^
[6.268s]     File "/opt/ros/jazzy/lib/python3.12/site-packages/rosidl_adapter/msg/__init__.py", line 28, in convert_msg_to_idl
[6.270s]       msg = parse_message_string(package_name, input_file.stem, content)
[6.271s]             ^^^^^^^^^^^^^^^^^^^^^^^^^^^^^^^^^^^^^^^^^^^^^^^^^^^^^^^^^^^^
[6.272s]     File "/opt/ros/jazzy/lib/python3.12/site-packages/rosidl_adapter/parser.py", line 520, in parse_message_string
[6.274s]       fields.append(Field(
[6.275s]                     ^^^^^^
[6.277s]     File "/opt/ros/jazzy/lib/python3.12/site-packages/rosidl_adapter/parser.py", line 355, in __init__
[6.278s]       raise NameError(
[6.279s] 
[6.281s]   NameError: 'hMSL' is an invalid field name.  It should have the pattern
[6.282s]   '^(?!.*__)(?!.*_$)[a-z][a-z0-9_]*$'
[6.284s] 
[6.286s] Call Stack (most recent call first):
[6.287s]   /opt/ros/jazzy/share/rosidl_cmake/cmake/rosidl_generate_interfaces.cmake:132 (rosidl_adapt_interfaces)
[6.289s]   CMakeLists.txt:16 (rosidl_generate_interfaces)
[6.290s] 
[6.292s] [0m
[6.293s] -- Configuring incomplete, errors occurred!
[6.347s] gmake: *** [Makefile:1355: cmake_check_build_system] Error 1
[6.378s] Invoked command in '/home/s/Inertial_Sense/imx/SDK/ros2/build/inertial_sense_ros2' returned '2': CMAKE_PREFIX_PATH=${CMAKE_PREFIX_PATH}:/opt/ros/jazzy DEBUGINFOD_URLS=https://debuginfod.ubuntu.com /usr/bin/cmake --build /home/s/Inertial_Sense/imx/SDK/ros2/build/inertial_sense_ros2 -- -j16 -l16
